
A module that was compiled using NumPy 1.x cannot be run in
NumPy 2.2.6 as it may crash. To support both 1.x and 2.x
versions of NumPy, modules must be compiled with NumPy 2.0.
Some module may need to rebuild instead e.g. with 'pybind11>=2.12'.

If you are a user of the module, the easiest solution will be to
downgrade to 'numpy<2' or try to upgrade the affected module.
We expect that some modules will need time to support NumPy 2.

Traceback (most recent call last):  File "/home/sct/CCTV/cctv-anomaly-detection/train_vae_model.py", line 3, in <module>
    from vae_anomaly_detector import AnomalyDetector, FeatureExtractor
  File "/home/sct/CCTV/cctv-anomaly-detection/vae_anomaly_detector.py", line 6, in <module>
    from sklearn.preprocessing import StandardScaler
  File "/home/sct/anaconda3/lib/python3.12/site-packages/sklearn/__init__.py", line 84, in <module>
    from .base import clone
  File "/home/sct/anaconda3/lib/python3.12/site-packages/sklearn/base.py", line 19, in <module>
    from .utils._estimator_html_repr import _HTMLDocumentationLinkMixin, estimator_html_repr
  File "/home/sct/anaconda3/lib/python3.12/site-packages/sklearn/utils/__init__.py", line 11, in <module>
    from ._chunking import gen_batches, gen_even_slices
  File "/home/sct/anaconda3/lib/python3.12/site-packages/sklearn/utils/_chunking.py", line 8, in <module>
    from ._param_validation import Interval, validate_params
  File "/home/sct/anaconda3/lib/python3.12/site-packages/sklearn/utils/_param_validation.py", line 11, in <module>
    from scipy.sparse import csr_matrix, issparse
  File "/home/sct/anaconda3/lib/python3.12/site-packages/scipy/sparse/__init__.py", line 295, in <module>
    from ._csr import *
  File "/home/sct/anaconda3/lib/python3.12/site-packages/scipy/sparse/_csr.py", line 11, in <module>
    from ._sparsetools import (csr_tocsc, csr_tobsr, csr_count_blocks,
Traceback (most recent call last):
  File "/home/sct/anaconda3/lib/python3.12/site-packages/numpy/core/_multiarray_umath.py", line 44, in __getattr__
    raise ImportError(msg)
ImportError: 
A module that was compiled using NumPy 1.x cannot be run in
NumPy 2.2.6 as it may crash. To support both 1.x and 2.x
versions of NumPy, modules must be compiled with NumPy 2.0.
Some module may need to rebuild instead e.g. with 'pybind11>=2.12'.

If you are a user of the module, the easiest solution will be to
downgrade to 'numpy<2' or try to upgrade the affected module.
We expect that some modules will need time to support NumPy 2.


Traceback (most recent call last):
  File "/home/sct/CCTV/cctv-anomaly-detection/train_vae_model.py", line 3, in <module>
    from vae_anomaly_detector import AnomalyDetector, FeatureExtractor
  File "/home/sct/CCTV/cctv-anomaly-detection/vae_anomaly_detector.py", line 6, in <module>
    from sklearn.preprocessing import StandardScaler
  File "/home/sct/anaconda3/lib/python3.12/site-packages/sklearn/__init__.py", line 84, in <module>
    from .base import clone
  File "/home/sct/anaconda3/lib/python3.12/site-packages/sklearn/base.py", line 19, in <module>
    from .utils._estimator_html_repr import _HTMLDocumentationLinkMixin, estimator_html_repr
  File "/home/sct/anaconda3/lib/python3.12/site-packages/sklearn/utils/__init__.py", line 11, in <module>
    from ._chunking import gen_batches, gen_even_slices
  File "/home/sct/anaconda3/lib/python3.12/site-packages/sklearn/utils/_chunking.py", line 8, in <module>
    from ._param_validation import Interval, validate_params
  File "/home/sct/anaconda3/lib/python3.12/site-packages/sklearn/utils/_param_validation.py", line 11, in <module>
    from scipy.sparse import csr_matrix, issparse
  File "/home/sct/anaconda3/lib/python3.12/site-packages/scipy/sparse/__init__.py", line 295, in <module>
    from ._csr import *
  File "/home/sct/anaconda3/lib/python3.12/site-packages/scipy/sparse/_csr.py", line 11, in <module>
    from ._sparsetools import (csr_tocsc, csr_tobsr, csr_count_blocks,
ImportError: numpy.core.multiarray failed to import
